{"level":"info","message":"Database magic_cube created or already exists","timestamp":"2025-01-05 09:22:24"}
{"level":"info","message":"Database creation checked","timestamp":"2025-01-05 09:22:24"}
{"level":"info","message":"Connected to MySQL database","timestamp":"2025-01-05 09:22:24"}
{"level":"info","message":"Database connection tested","timestamp":"2025-01-05 09:22:24"}
{"level":"info","message":"Database tables initialized successfully","timestamp":"2025-01-05 09:22:24"}
{"level":"info","message":"Database magic_cube created or already exists","timestamp":"2025-01-05 09:40:14"}
{"level":"info","message":"Database creation checked","timestamp":"2025-01-05 09:40:14"}
{"level":"info","message":"Connected to MySQL database","timestamp":"2025-01-05 09:40:14"}
{"level":"info","message":"Database connection tested","timestamp":"2025-01-05 09:40:14"}
{"level":"info","message":"Database tables initialized successfully","timestamp":"2025-01-05 09:40:14"}
{"level":"info","message":"Database magic_cube created or already exists","timestamp":"2025-01-05 09:54:43"}
{"level":"info","message":"Database creation checked","timestamp":"2025-01-05 09:54:43"}
{"level":"info","message":"Connected to MySQL database","timestamp":"2025-01-05 09:54:43"}
{"level":"info","message":"Database connection tested","timestamp":"2025-01-05 09:54:43"}
{"level":"info","message":"Database tables initialized successfully","timestamp":"2025-01-05 09:54:43"}
{"level":"info","message":"Database magic_cube created or already exists","timestamp":"2025-01-05 09:55:23"}
{"level":"info","message":"Database creation checked","timestamp":"2025-01-05 09:55:23"}
{"level":"info","message":"Connected to MySQL database","timestamp":"2025-01-05 09:55:23"}
{"level":"info","message":"Database connection tested","timestamp":"2025-01-05 09:55:23"}
{"level":"info","message":"Database tables initialized successfully","timestamp":"2025-01-05 09:55:23"}
{"level":"info","message":"Database magic_cube created or already exists","timestamp":"2025-01-05 09:55:56"}
{"level":"info","message":"Database creation checked","timestamp":"2025-01-05 09:55:56"}
{"level":"info","message":"Connected to MySQL database","timestamp":"2025-01-05 09:55:56"}
{"level":"info","message":"Database connection tested","timestamp":"2025-01-05 09:55:56"}
{"level":"info","message":"Database tables initialized successfully","timestamp":"2025-01-05 09:55:56"}
{"level":"info","message":"Database magic_cube created or already exists","timestamp":"2025-01-05 09:56:53"}
{"level":"info","message":"Database creation checked","timestamp":"2025-01-05 09:56:53"}
{"level":"info","message":"Connected to MySQL database","timestamp":"2025-01-05 09:56:53"}
{"level":"info","message":"Database connection tested","timestamp":"2025-01-05 09:56:53"}
{"level":"info","message":"Database tables initialized successfully","timestamp":"2025-01-05 09:56:53"}
{"level":"info","message":"Database magic_cube created or already exists","timestamp":"2025-01-05 09:57:56"}
{"level":"info","message":"Database creation checked","timestamp":"2025-01-05 09:57:56"}
{"level":"info","message":"Connected to MySQL database","timestamp":"2025-01-05 09:57:56"}
{"level":"info","message":"Database connection tested","timestamp":"2025-01-05 09:57:56"}
{"level":"info","message":"Database tables initialized successfully","timestamp":"2025-01-05 09:57:56"}
{"level":"info","message":"Database magic_cube created or already exists","timestamp":"2025-01-05 09:59:54"}
{"level":"info","message":"Database creation checked","timestamp":"2025-01-05 09:59:54"}
{"level":"info","message":"Connected to MySQL database","timestamp":"2025-01-05 09:59:54"}
{"level":"info","message":"Database connection tested","timestamp":"2025-01-05 09:59:54"}
{"level":"info","message":"Database tables initialized successfully","timestamp":"2025-01-05 09:59:54"}
{"level":"info","message":"Database magic_cube created or already exists","timestamp":"2025-01-05 10:01:29"}
{"level":"info","message":"Database creation checked","timestamp":"2025-01-05 10:01:29"}
{"level":"info","message":"Connected to MySQL database","timestamp":"2025-01-05 10:01:29"}
{"level":"info","message":"Database connection tested","timestamp":"2025-01-05 10:01:29"}
{"level":"info","message":"Database tables initialized successfully","timestamp":"2025-01-05 10:01:29"}
{"level":"info","message":"Database magic_cube created or already exists","timestamp":"2025-01-05 10:02:56"}
{"level":"info","message":"Database creation checked","timestamp":"2025-01-05 10:02:56"}
{"level":"info","message":"Connected to MySQL database","timestamp":"2025-01-05 10:02:56"}
{"level":"info","message":"Database connection tested","timestamp":"2025-01-05 10:02:56"}
{"level":"info","message":"Database tables initialized successfully","timestamp":"2025-01-05 10:02:56"}
{"level":"info","message":"Database magic_cube created or already exists","timestamp":"2025-01-05 10:03:26"}
{"level":"info","message":"Database creation checked","timestamp":"2025-01-05 10:03:26"}
{"level":"info","message":"Connected to MySQL database","timestamp":"2025-01-05 10:03:26"}
{"level":"info","message":"Database connection tested","timestamp":"2025-01-05 10:03:26"}
{"level":"info","message":"Database tables initialized successfully","timestamp":"2025-01-05 10:03:26"}
{"level":"info","message":"Database magic_cube created or already exists","timestamp":"2025-01-05 10:03:53"}
{"level":"info","message":"Database creation checked","timestamp":"2025-01-05 10:03:53"}
{"level":"info","message":"Connected to MySQL database","timestamp":"2025-01-05 10:03:53"}
{"level":"info","message":"Database connection tested","timestamp":"2025-01-05 10:03:53"}
{"level":"info","message":"Database tables initialized successfully","timestamp":"2025-01-05 10:03:53"}
{"level":"info","message":"Database magic_cube created or already exists","timestamp":"2025-01-05 10:04:49"}
{"level":"info","message":"Database creation checked","timestamp":"2025-01-05 10:04:49"}
{"level":"info","message":"Connected to MySQL database","timestamp":"2025-01-05 10:04:49"}
{"level":"info","message":"Database connection tested","timestamp":"2025-01-05 10:04:49"}
{"level":"info","message":"Database tables initialized successfully","timestamp":"2025-01-05 10:04:49"}
{"level":"info","message":"Database magic_cube created or already exists","timestamp":"2025-01-05 10:05:18"}
{"level":"info","message":"Database creation checked","timestamp":"2025-01-05 10:05:18"}
{"level":"info","message":"Connected to MySQL database","timestamp":"2025-01-05 10:05:18"}
{"level":"info","message":"Database connection tested","timestamp":"2025-01-05 10:05:18"}
{"level":"info","message":"Database tables initialized successfully","timestamp":"2025-01-05 10:05:18"}
{"level":"info","message":"Database magic_cube created or already exists","timestamp":"2025-01-05 10:05:41"}
{"level":"info","message":"Database creation checked","timestamp":"2025-01-05 10:05:41"}
{"level":"info","message":"Connected to MySQL database","timestamp":"2025-01-05 10:05:41"}
{"level":"info","message":"Database connection tested","timestamp":"2025-01-05 10:05:41"}
{"level":"info","message":"Database tables initialized successfully","timestamp":"2025-01-05 10:05:41"}
{"level":"info","message":"Database magic_cube created or already exists","timestamp":"2025-01-05 10:06:23"}
{"level":"info","message":"Database creation checked","timestamp":"2025-01-05 10:06:23"}
{"level":"info","message":"Connected to MySQL database","timestamp":"2025-01-05 10:06:23"}
{"level":"info","message":"Database connection tested","timestamp":"2025-01-05 10:06:23"}
{"level":"info","message":"Database tables initialized successfully","timestamp":"2025-01-05 10:06:23"}
{"level":"info","message":"Database magic_cube created or already exists","timestamp":"2025-01-05 10:06:50"}
{"level":"info","message":"Database creation checked","timestamp":"2025-01-05 10:06:50"}
{"level":"info","message":"Connected to MySQL database","timestamp":"2025-01-05 10:06:50"}
{"level":"info","message":"Database connection tested","timestamp":"2025-01-05 10:06:50"}
{"level":"info","message":"Database tables initialized successfully","timestamp":"2025-01-05 10:06:50"}
{"level":"info","message":"Database magic_cube created or already exists","timestamp":"2025-01-05 10:08:08"}
{"level":"info","message":"Database creation checked","timestamp":"2025-01-05 10:08:08"}
{"level":"info","message":"Connected to MySQL database","timestamp":"2025-01-05 10:08:08"}
{"level":"info","message":"Database connection tested","timestamp":"2025-01-05 10:08:08"}
{"level":"info","message":"Database tables initialized successfully","timestamp":"2025-01-05 10:08:08"}
{"level":"info","message":"Database magic_cube created or already exists","timestamp":"2025-01-05 10:08:37"}
{"level":"info","message":"Database creation checked","timestamp":"2025-01-05 10:08:37"}
{"level":"info","message":"Connected to MySQL database","timestamp":"2025-01-05 10:08:37"}
{"level":"info","message":"Database connection tested","timestamp":"2025-01-05 10:08:37"}
{"level":"info","message":"Database tables initialized successfully","timestamp":"2025-01-05 10:08:37"}
{"level":"info","message":"Database magic_cube created or already exists","timestamp":"2025-01-05 10:09:12"}
{"level":"info","message":"Database creation checked","timestamp":"2025-01-05 10:09:12"}
{"level":"info","message":"Connected to MySQL database","timestamp":"2025-01-05 10:09:12"}
{"level":"info","message":"Database connection tested","timestamp":"2025-01-05 10:09:12"}
{"level":"info","message":"Database tables initialized successfully","timestamp":"2025-01-05 10:09:12"}
{"level":"info","message":"Database tables initialized","timestamp":"2025-01-05 10:09:12"}
{"level":"info","message":"Routes initialized","timestamp":"2025-01-05 10:09:12"}
{"level":"info","message":"Server is running on port 3000","timestamp":"2025-01-05 10:09:12"}
{"level":"info","message":"Received shutdown signal","timestamp":"2025-01-05 10:09:21"}
{"code":"ENOTFOUND","errno":-3008,"fatal":true,"hostname":"test-db-mysql.ns-1zqit96y.svc","level":"error","message":"Error creating database: getaddrinfo ENOTFOUND test-db-mysql.ns-1zqit96y.svc","stack":"Error: getaddrinfo ENOTFOUND test-db-mysql.ns-1zqit96y.svc\n    at GetAddrInfoReqWrap.onlookupall [as oncomplete] (node:dns:120:26)","syscall":"getaddrinfo","timestamp":"2025-01-05 18:45:12"}
{"code":"ENOTFOUND","errno":-3008,"fatal":true,"hostname":"test-db-mysql.ns-1zqit96y.svc","level":"error","message":"Error creating database: getaddrinfo ENOTFOUND test-db-mysql.ns-1zqit96y.svc","stack":"Error: getaddrinfo ENOTFOUND test-db-mysql.ns-1zqit96y.svc\n    at GetAddrInfoReqWrap.onlookupall [as oncomplete] (node:dns:120:26)","syscall":"getaddrinfo","timestamp":"2025-01-05 18:45:58"}
